<?xml version="1.0" encoding="UTF-8"?>
<testsuite name="app.DbDemoServiceTest" tests="1" skipped="0" failures="1" errors="0" timestamp="2019-12-26T08:09:35" hostname="dev-pc" time="0.436">
  <properties/>
  <testcase name="create()" classname="app.DbDemoServiceTest" time="0.436">
    <failure message="core.framework.db.UncheckedSQLException: user lacks privilege or object not found: CUSTOMER in statement [SELECT id, status, email, first_name, last_name, updated_time FROM customer WHERE email = ?], sqlState=42501, errorCode=-5501" type="core.framework.db.UncheckedSQLException">core.framework.db.UncheckedSQLException: user lacks privilege or object not found: CUSTOMER in statement [SELECT id, status, email, first_name, last_name, updated_time FROM customer WHERE email = ?], sqlState=42501, errorCode=-5501
	at core.framework.internal.db.DatabaseOperation.selectOne(DatabaseOperation.java:89)
	at core.framework.internal.db.DatabaseImpl.selectOne(DatabaseImpl.java:189)
	at core.framework.internal.db.QueryImpl.fetchOne(QueryImpl.java:75)
	at core.framework.db.Repository.selectOne(Repository.java:28)
	at app.demo.customer.service.CustomerService.create(CustomerService.java:30)
	at app.DbDemoServiceTest.create(DbDemoServiceTest.java:24)
	at java.base/jdk.internal.reflect.NativeMethodAccessorImpl.invoke0(Native Method)
	at java.base/jdk.internal.reflect.NativeMethodAccessorImpl.invoke(NativeMethodAccessorImpl.java:62)
	at java.base/jdk.internal.reflect.DelegatingMethodAccessorImpl.invoke(DelegatingMethodAccessorImpl.java:43)
	at java.base/java.lang.reflect.Method.invoke(Method.java:567)
	at org.junit.platform.commons.util.ReflectionUtils.invokeMethod(ReflectionUtils.java:675)
	at org.junit.jupiter.engine.execution.MethodInvocation.proceed(MethodInvocation.java:60)
	at org.junit.jupiter.engine.execution.InvocationInterceptorChain$ValidatingInvocation.proceed(InvocationInterceptorChain.java:125)
	at org.junit.jupiter.engine.extension.TimeoutExtension.intercept(TimeoutExtension.java:132)
	at org.junit.jupiter.engine.extension.TimeoutExtension.interceptTestableMethod(TimeoutExtension.java:124)
	at org.junit.jupiter.engine.extension.TimeoutExtension.interceptTestMethod(TimeoutExtension.java:74)
	at org.junit.jupiter.engine.execution.ExecutableInvoker$ReflectiveInterceptorCall.lambda$ofVoidMethod$0(ExecutableInvoker.java:115)
	at org.junit.jupiter.engine.execution.ExecutableInvoker.lambda$invoke$0(ExecutableInvoker.java:105)
	at org.junit.jupiter.engine.execution.InvocationInterceptorChain$InterceptedInvocation.proceed(InvocationInterceptorChain.java:104)
	at org.junit.jupiter.engine.execution.InvocationInterceptorChain.proceed(InvocationInterceptorChain.java:62)
	at org.junit.jupiter.engine.execution.InvocationInterceptorChain.chainAndInvoke(InvocationInterceptorChain.java:43)
	at org.junit.jupiter.engine.execution.InvocationInterceptorChain.invoke(InvocationInterceptorChain.java:35)
	at org.junit.jupiter.engine.execution.ExecutableInvoker.invoke(ExecutableInvoker.java:104)
	at org.junit.jupiter.engine.execution.ExecutableInvoker.invoke(ExecutableInvoker.java:98)
	at org.junit.jupiter.engine.descriptor.TestMethodTestDescriptor.lambda$invokeTestMethod$6(TestMethodTestDescriptor.java:202)
	at org.junit.platform.engine.support.hierarchical.ThrowableCollector.execute(ThrowableCollector.java:73)
	at org.junit.jupiter.engine.descriptor.TestMethodTestDescriptor.invokeTestMethod(TestMethodTestDescriptor.java:198)
	at org.junit.jupiter.engine.descriptor.TestMethodTestDescriptor.execute(TestMethodTestDescriptor.java:135)
	at org.junit.jupiter.engine.descriptor.TestMethodTestDescriptor.execute(TestMethodTestDescriptor.java:69)
	at org.junit.platform.engine.support.hierarchical.NodeTestTask.lambda$executeRecursively$5(NodeTestTask.java:135)
	at org.junit.platform.engine.support.hierarchical.ThrowableCollector.execute(ThrowableCollector.java:73)
	at org.junit.platform.engine.support.hierarchical.NodeTestTask.lambda$executeRecursively$7(NodeTestTask.java:125)
	at org.junit.platform.engine.support.hierarchical.Node.around(Node.java:135)
	at org.junit.platform.engine.support.hierarchical.NodeTestTask.lambda$executeRecursively$8(NodeTestTask.java:123)
	at org.junit.platform.engine.support.hierarchical.ThrowableCollector.execute(ThrowableCollector.java:73)
	at org.junit.platform.engine.support.hierarchical.NodeTestTask.executeRecursively(NodeTestTask.java:122)
	at org.junit.platform.engine.support.hierarchical.NodeTestTask.execute(NodeTestTask.java:80)
	at java.base/java.util.ArrayList.forEach(ArrayList.java:1507)
	at org.junit.platform.engine.support.hierarchical.SameThreadHierarchicalTestExecutorService.invokeAll(SameThreadHierarchicalTestExecutorService.java:38)
	at org.junit.platform.engine.support.hierarchical.NodeTestTask.lambda$executeRecursively$5(NodeTestTask.java:139)
	at org.junit.platform.engine.support.hierarchical.ThrowableCollector.execute(ThrowableCollector.java:73)
	at org.junit.platform.engine.support.hierarchical.NodeTestTask.lambda$executeRecursively$7(NodeTestTask.java:125)
	at org.junit.platform.engine.support.hierarchical.Node.around(Node.java:135)
	at org.junit.platform.engine.support.hierarchical.NodeTestTask.lambda$executeRecursively$8(NodeTestTask.java:123)
	at org.junit.platform.engine.support.hierarchical.ThrowableCollector.execute(ThrowableCollector.java:73)
	at org.junit.platform.engine.support.hierarchical.NodeTestTask.executeRecursively(NodeTestTask.java:122)
	at org.junit.platform.engine.support.hierarchical.NodeTestTask.execute(NodeTestTask.java:80)
	at java.base/java.util.ArrayList.forEach(ArrayList.java:1507)
	at org.junit.platform.engine.support.hierarchical.SameThreadHierarchicalTestExecutorService.invokeAll(SameThreadHierarchicalTestExecutorService.java:38)
	at org.junit.platform.engine.support.hierarchical.NodeTestTask.lambda$executeRecursively$5(NodeTestTask.java:139)
	at org.junit.platform.engine.support.hierarchical.ThrowableCollector.execute(ThrowableCollector.java:73)
	at org.junit.platform.engine.support.hierarchical.NodeTestTask.lambda$executeRecursively$7(NodeTestTask.java:125)
	at org.junit.platform.engine.support.hierarchical.Node.around(Node.java:135)
	at org.junit.platform.engine.support.hierarchical.NodeTestTask.lambda$executeRecursively$8(NodeTestTask.java:123)
	at org.junit.platform.engine.support.hierarchical.ThrowableCollector.execute(ThrowableCollector.java:73)
	at org.junit.platform.engine.support.hierarchical.NodeTestTask.executeRecursively(NodeTestTask.java:122)
	at org.junit.platform.engine.support.hierarchical.NodeTestTask.execute(NodeTestTask.java:80)
	at org.junit.platform.engine.support.hierarchical.SameThreadHierarchicalTestExecutorService.submit(SameThreadHierarchicalTestExecutorService.java:32)
	at org.junit.platform.engine.support.hierarchical.HierarchicalTestExecutor.execute(HierarchicalTestExecutor.java:57)
	at org.junit.platform.engine.support.hierarchical.HierarchicalTestEngine.execute(HierarchicalTestEngine.java:51)
	at org.junit.platform.launcher.core.DefaultLauncher.execute(DefaultLauncher.java:220)
	at org.junit.platform.launcher.core.DefaultLauncher.lambda$execute$6(DefaultLauncher.java:188)
	at org.junit.platform.launcher.core.DefaultLauncher.withInterceptedStreams(DefaultLauncher.java:202)
	at org.junit.platform.launcher.core.DefaultLauncher.execute(DefaultLauncher.java:181)
	at org.junit.platform.launcher.core.DefaultLauncher.execute(DefaultLauncher.java:128)
	at org.gradle.api.internal.tasks.testing.junitplatform.JUnitPlatformTestClassProcessor$CollectAllTestClassesExecutor.processAllTestClasses(JUnitPlatformTestClassProcessor.java:99)
	at org.gradle.api.internal.tasks.testing.junitplatform.JUnitPlatformTestClassProcessor$CollectAllTestClassesExecutor.access$000(JUnitPlatformTestClassProcessor.java:79)
	at org.gradle.api.internal.tasks.testing.junitplatform.JUnitPlatformTestClassProcessor.stop(JUnitPlatformTestClassProcessor.java:75)
	at org.gradle.api.internal.tasks.testing.SuiteTestClassProcessor.stop(SuiteTestClassProcessor.java:61)
	at java.base/jdk.internal.reflect.NativeMethodAccessorImpl.invoke0(Native Method)
	at java.base/jdk.internal.reflect.NativeMethodAccessorImpl.invoke(NativeMethodAccessorImpl.java:62)
	at java.base/jdk.internal.reflect.DelegatingMethodAccessorImpl.invoke(DelegatingMethodAccessorImpl.java:43)
	at java.base/java.lang.reflect.Method.invoke(Method.java:567)
	at org.gradle.internal.dispatch.ReflectionDispatch.dispatch(ReflectionDispatch.java:36)
	at org.gradle.internal.dispatch.ReflectionDispatch.dispatch(ReflectionDispatch.java:24)
	at org.gradle.internal.dispatch.ContextClassLoaderDispatch.dispatch(ContextClassLoaderDispatch.java:33)
	at org.gradle.internal.dispatch.ProxyDispatchAdapter$DispatchingInvocationHandler.invoke(ProxyDispatchAdapter.java:94)
	at com.sun.proxy.$Proxy5.stop(Unknown Source)
	at org.gradle.api.internal.tasks.testing.worker.TestWorker.stop(TestWorker.java:132)
	at java.base/jdk.internal.reflect.NativeMethodAccessorImpl.invoke0(Native Method)
	at java.base/jdk.internal.reflect.NativeMethodAccessorImpl.invoke(NativeMethodAccessorImpl.java:62)
	at java.base/jdk.internal.reflect.DelegatingMethodAccessorImpl.invoke(DelegatingMethodAccessorImpl.java:43)
	at java.base/java.lang.reflect.Method.invoke(Method.java:567)
	at org.gradle.internal.dispatch.ReflectionDispatch.dispatch(ReflectionDispatch.java:36)
	at org.gradle.internal.dispatch.ReflectionDispatch.dispatch(ReflectionDispatch.java:24)
	at org.gradle.internal.remote.internal.hub.MessageHubBackedObjectConnection$DispatchWrapper.dispatch(MessageHubBackedObjectConnection.java:182)
	at org.gradle.internal.remote.internal.hub.MessageHubBackedObjectConnection$DispatchWrapper.dispatch(MessageHubBackedObjectConnection.java:164)
	at org.gradle.internal.remote.internal.hub.MessageHub$Handler.run(MessageHub.java:412)
	at org.gradle.internal.concurrent.ExecutorPolicy$CatchAndRecordFailures.onExecute(ExecutorPolicy.java:64)
	at org.gradle.internal.concurrent.ManagedExecutorImpl$1.run(ManagedExecutorImpl.java:48)
	at java.base/java.util.concurrent.ThreadPoolExecutor.runWorker(ThreadPoolExecutor.java:1128)
	at java.base/java.util.concurrent.ThreadPoolExecutor$Worker.run(ThreadPoolExecutor.java:628)
	at org.gradle.internal.concurrent.ThreadFactoryImpl$ManagedThreadRunnable.run(ThreadFactoryImpl.java:56)
	at java.base/java.lang.Thread.run(Thread.java:830)
Caused by: java.sql.SQLSyntaxErrorException: user lacks privilege or object not found: CUSTOMER in statement [SELECT id, status, email, first_name, last_name, updated_time FROM customer WHERE email = ?]
	at org.hsqldb.jdbc.JDBCUtil.sqlException(Unknown Source)
	at org.hsqldb.jdbc.JDBCUtil.sqlException(Unknown Source)
	at org.hsqldb.jdbc.JDBCPreparedStatement.&lt;init&gt;(Unknown Source)
	at org.hsqldb.jdbc.JDBCConnection.prepareStatement(Unknown Source)
	at core.framework.internal.db.DatabaseOperation.selectOne(DatabaseOperation.java:83)
	... 93 more
Caused by: org.hsqldb.HsqlException: user lacks privilege or object not found: CUSTOMER
	at org.hsqldb.error.Error.error(Unknown Source)
	at org.hsqldb.error.Error.error(Unknown Source)
	at org.hsqldb.ParserDQL.readTableName(Unknown Source)
	at org.hsqldb.ParserDQL.readTableOrSubquery(Unknown Source)
	at org.hsqldb.ParserDQL.XreadTableReference(Unknown Source)
	at org.hsqldb.ParserDQL.XreadFromClause(Unknown Source)
	at org.hsqldb.ParserDQL.XreadTableExpression(Unknown Source)
	at org.hsqldb.ParserDQL.XreadQuerySpecification(Unknown Source)
	at org.hsqldb.ParserDQL.XreadSimpleTable(Unknown Source)
	at org.hsqldb.ParserDQL.XreadQueryPrimary(Unknown Source)
	at org.hsqldb.ParserDQL.XreadQueryTerm(Unknown Source)
	at org.hsqldb.ParserDQL.XreadQueryExpressionBody(Unknown Source)
	at org.hsqldb.ParserDQL.XreadQueryExpression(Unknown Source)
	at org.hsqldb.ParserDQL.compileCursorSpecification(Unknown Source)
	at org.hsqldb.ParserCommand.compilePart(Unknown Source)
	at org.hsqldb.ParserCommand.compileStatement(Unknown Source)
	at org.hsqldb.Session.compileStatement(Unknown Source)
	at org.hsqldb.StatementManager.compile(Unknown Source)
	at org.hsqldb.Session.execute(Unknown Source)
	... 96 more
</failure>
  </testcase>
  <system-out><![CDATA[2019-12-26T08:09:34.506283300Z [dev-pc] [Test worker] INFO c.f.i.log.LogManager - not found -Dcore.appName, this should only happen in local dev env or test, use "local" as appName
2019-12-26T08:09:34.514283900Z [dev-pc] [Test worker] INFO c.f.t.module.AbstractTestModule - initialize test context
2019-12-26T08:09:34.547284100Z [dev-pc] [Test worker] INFO c.f.w.site.WebDirectory - can not locate web directory
2019-12-26T08:09:35.072283600Z [dev-pc] [Test worker] INFO c.f.i.w.route.Route - route, method=GET, path=/_sys/vm, controller=core.framework.internal.web.management.DiagnosticController.vm
2019-12-26T08:09:35.073283900Z [dev-pc] [Test worker] INFO c.f.i.w.route.Route - route, method=GET, path=/_sys/thread, controller=core.framework.internal.web.management.DiagnosticController.thread
2019-12-26T08:09:35.074284100Z [dev-pc] [Test worker] INFO c.f.i.w.route.Route - route, method=GET, path=/_sys/heap, controller=core.framework.internal.web.management.DiagnosticController.heap
2019-12-26T08:09:35.075532800Z [dev-pc] [Test worker] INFO c.f.i.w.route.Route - route, method=GET, path=/_sys/property, controller=core.framework.internal.web.management.PropertyController.execute
2019-12-26T08:09:35.075532800Z [dev-pc] [Test worker] INFO c.f.t.module.AbstractTestModule - initialize application
2019-12-26T08:09:35.077283200Z [dev-pc] [Test worker] INFO c.f.m.Module - load module, module=app.demo.DbDemoServiceApp
2019-12-26T08:09:35.079283100Z [dev-pc] [Test worker] INFO c.f.m.Module - load module, module=core.framework.module.SystemModule
2019-12-26T08:09:35.079283100Z [dev-pc] [Test worker] INFO c.f.m.Module - load properties, classpath=sys.properties
2019-12-26T08:09:35.101287Z [dev-pc] [Test worker] INFO c.f.i.db.DatabaseImpl - set database connection url, url=jdbc:hsqldb:mem:.;sql.syntax_mys=true
2019-12-26T08:09:35.106284100Z [dev-pc] [Test worker] INFO c.f.m.Module - load module, module=app.demo.CustomerModule
2019-12-26T08:09:35.273283100Z [dev-pc] [Test worker] INFO c.f.i.db.DatabaseImpl - register db entity, entityClass=app.demo.customer.domain.Customer, elapsed=164656416
2019-12-26T08:09:35.281283300Z [dev-pc] [Test worker] INFO c.f.i.db.DatabaseImpl - register db entity, entityClass=app.demo.customer.domain.Order, elapsed=7233621
2019-12-26T08:09:35.288283900Z [dev-pc] [Test worker] INFO c.f.m.APIConfig - create web service, interface=app.demo.api.CustomerWebService
2019-12-26T08:09:35.341284100Z [dev-pc] [Test worker] INFO c.f.i.w.route.Route - route, method=GET, path=/customer/:id, controller=app.demo.customer.web.CustomerWebServiceImpl.get
2019-12-26T08:09:35.344283900Z [dev-pc] [Test worker] INFO c.f.i.w.route.Route - route, method=PUT, path=/customer/:id, controller=app.demo.customer.web.CustomerWebServiceImpl.update
2019-12-26T08:09:35.347283300Z [dev-pc] [Test worker] INFO c.f.i.w.route.Route - route, method=POST, path=/customer, controller=app.demo.customer.web.CustomerWebServiceImpl.create
2019-12-26T08:09:35.348282900Z [dev-pc] [Test worker] INFO c.f.m.Module - load module, module=app.demo.ProductModule
2019-12-26T08:09:35.397284200Z [dev-pc] [Test worker] INFO c.f.m.impl.MongoImpl - register mongo entity, entityClass=app.demo.product.domain.Product, elapsed=34590903
2019-12-26T08:09:35.399285100Z [dev-pc] [Test worker] INFO c.f.m.APIConfig - create web service, interface=app.demo.api.ProductWebService
2019-12-26T08:09:35.413283400Z [dev-pc] [Test worker] INFO c.f.i.w.route.Route - route, method=GET, path=/product/:id, controller=app.demo.product.web.ProductWebServiceImpl.get
2019-12-26T08:09:35.414283300Z [dev-pc] [Test worker] INFO c.f.i.w.route.Route - route, method=PUT, path=/product/:id, controller=app.demo.product.web.ProductWebServiceImpl.update
2019-12-26T08:09:35.416283900Z [dev-pc] [Test worker] INFO c.f.i.w.route.Route - route, method=DELETE, path=/product/:id, controller=app.demo.product.web.ProductWebServiceImpl.delete
2019-12-26T08:09:35.417283500Z [dev-pc] [Test worker] INFO c.f.i.w.route.Route - route, method=POST, path=/product, controller=app.demo.product.web.ProductWebServiceImpl.create
]]></system-out>
  <system-err><![CDATA[]]></system-err>
</testsuite>
